INFO:root:

 ---------------- ViTag --------------
INFO:root:

 ---------------- Logging information--------------
INFO:root:

 -----Video: peacock.mp4 path: 
INFO:root:----------Video reading started-------
INFO:root:----------Video reading complete-------
INFO:root:Frames selected from video: 55
INFO:root:Frames selected from video: 55
INFO:root:Window_1 size: 3
INFO:root:Window_2 size: 5
INFO:root:----------Feature matching pass started-------
INFO:root:parallelization count 3
INFO:root:No of iterations 18
INFO:root:----------Feature matching pass finished-------
INFO:root:Files selected after feature detection 19
INFO:root:['./extract_peacock/3.png', './extract_peacock/4.png', './extract_peacock/9.png', './extract_peacock/12.png', './extract_peacock/14.png', './extract_peacock/17.png', './extract_peacock/20.png', './extract_peacock/24.png', './extract_peacock/25.png', './extract_peacock/28.png', './extract_peacock/33.png', './extract_peacock/34.png', './extract_peacock/38.png', './extract_peacock/41.png', './extract_peacock/44.png', './extract_peacock/47.png', './extract_peacock/51.png', './extract_peacock/54.png', './extract_peacock/47.png']
INFO:root:----------SSIM pass started-------
INFO:root:parallelization count 3
INFO:root:No of iterations 3
INFO:root:----------SSIM pass finished-------
INFO:root:Files selected after ssim3
INFO:root:['./extract_peacock/14.png', './extract_peacock/34.png', './extract_peacock/47.png']
INFO:root:---------- No. of files: 3
INFO:urllib3.connectionpool:Starting new HTTP connection (1): www.google.com
INFO:urllib3.connectionpool:Starting new HTTP connection (1): www.google.com
INFO:urllib3.connectionpool:Starting new HTTP connection (1): www.google.com
DEBUG:urllib3.connectionpool:"POST /searchbyimage/upload HTTP/1.1" 302 1940
DEBUG:urllib3.connectionpool:"POST /searchbyimage/upload HTTP/1.1" 302 1938
INFO:root:

 ---------------- ViTag --------------
INFO:root:

 ---------------- Logging information--------------
INFO:root:

 -----Video: peacock.mp4 path: 
INFO:root:----------Video reading started-------
INFO:root:----------Video reading complete-------
INFO:root:Frames selected from video: 55
INFO:root:Frames selected from video: 55
INFO:root:Window_1 size: 3
INFO:root:Window_2 size: 5
INFO:root:----------Feature matching pass started-------
INFO:root:parallelization count 3
INFO:root:No of iterations 18
INFO:root:----------Feature matching pass finished-------
INFO:root:Files selected after feature detection 19
INFO:root:['./extract_peacock/3.png', './extract_peacock/4.png', './extract_peacock/9.png', './extract_peacock/12.png', './extract_peacock/14.png', './extract_peacock/17.png', './extract_peacock/20.png', './extract_peacock/24.png', './extract_peacock/25.png', './extract_peacock/28.png', './extract_peacock/33.png', './extract_peacock/34.png', './extract_peacock/38.png', './extract_peacock/41.png', './extract_peacock/44.png', './extract_peacock/47.png', './extract_peacock/51.png', './extract_peacock/54.png', './extract_peacock/47.png']
INFO:root:----------SSIM pass started-------
INFO:root:parallelization count 3
INFO:root:No of iterations 3
INFO:root:----------SSIM pass finished-------
INFO:root:Files selected after ssim3
INFO:root:['./extract_peacock/14.png', './extract_peacock/34.png', './extract_peacock/47.png']
INFO:root:---------- No. of files: 3
INFO:urllib3.connectionpool:Starting new HTTP connection (1): www.google.com
INFO:urllib3.connectionpool:Starting new HTTP connection (1): www.google.com
INFO:urllib3.connectionpool:Starting new HTTP connection (1): www.google.com
DEBUG:urllib3.connectionpool:"POST /searchbyimage/upload HTTP/1.1" 302 1938
DEBUG:urllib3.connectionpool:"POST /searchbyimage/upload HTTP/1.1" 302 1945
DEBUG:urllib3.connectionpool:"POST /searchbyimage/upload HTTP/1.1" 302 1918
INFO:root: Google text : 
INFO:root: Google text : 
INFO:root: Google text : 
INFO:root:Results are 
INFO:root:['', '', '']
INFO:root:Output shown
INFO:root:['']
INFO:root:Program executed successfully
INFO:root:

 ----------------END--------------
INFO:root:

 ----------------ViTag--------------
INFO:root:

 		 Developed At IIT Hyderabad, India
INFO:root:

 		 Abhishek Patwardhan, Santanu Das, Sakshi Varshney, Maundendra Desarkar
INFO:root:

 		 For Bugs contact : cs15mtech11015@iith.ac.in
INFO:root:

 ---------------- ViTag --------------
INFO:root:

 ---------------- Logging information--------------
INFO:root:

 -----Video: peacock.mp4 path: 
INFO:root:----------Video reading started-------
INFO:root:----------Video reading complete-------
INFO:root:Frames selected from video: 55
INFO:root:Frames selected from video: 55
INFO:root:Window_1 size: 3
INFO:root:Window_2 size: 5
INFO:root:----------Feature matching pass started-------
INFO:root:parallelization count 3
INFO:root:No of iterations 18
INFO:root:----------Feature matching pass finished-------
INFO:root:Files selected after feature detection 19
INFO:root:['./extract_peacock/3.png', './extract_peacock/4.png', './extract_peacock/9.png', './extract_peacock/12.png', './extract_peacock/14.png', './extract_peacock/17.png', './extract_peacock/20.png', './extract_peacock/24.png', './extract_peacock/25.png', './extract_peacock/28.png', './extract_peacock/33.png', './extract_peacock/34.png', './extract_peacock/38.png', './extract_peacock/41.png', './extract_peacock/44.png', './extract_peacock/47.png', './extract_peacock/51.png', './extract_peacock/54.png', './extract_peacock/47.png']
INFO:root:----------SSIM pass started-------
INFO:root:parallelization count 3
INFO:root:No of iterations 3
INFO:root:----------SSIM pass finished-------
INFO:root:Files selected after ssim3
INFO:root:['./extract_peacock/14.png', './extract_peacock/34.png', './extract_peacock/47.png']
INFO:root:---------- No. of files: 3
INFO:urllib3.connectionpool:Starting new HTTP connection (1): www.google.com
INFO:urllib3.connectionpool:Starting new HTTP connection (1): www.google.com
INFO:urllib3.connectionpool:Starting new HTTP connection (1): www.google.com
DEBUG:urllib3.connectionpool:"POST /searchbyimage/upload HTTP/1.1" 302 1914
DEBUG:urllib3.connectionpool:"POST /searchbyimage/upload HTTP/1.1" 302 1917
DEBUG:urllib3.connectionpool:"POST /searchbyimage/upload HTTP/1.1" 302 1924
INFO:root: Google text : 
INFO:root: Google text : 
INFO:root: Google text : 
INFO:root:Results are 
INFO:root:['', '', '']
INFO:root:Output shown
INFO:root:['']
INFO:root:Program executed successfully
INFO:root:

 ----------------END--------------
INFO:root:

 ----------------ViTag--------------
INFO:root:

 		 Developed At IIT Hyderabad, India
INFO:root:

 		 Abhishek Patwardhan, Santanu Das, Sakshi Varshney, Maundendra Desarkar
INFO:root:

 		 For Bugs contact : cs15mtech11015@iith.ac.in
